0 info it worked if it ends with ok
1 verbose cli [ '/Users/jonandersson/.nvm/versions/node/v7.0.0/bin/node',
1 verbose cli   '/Users/jonandersson/.nvm/versions/node/v7.0.0/bin/npm',
1 verbose cli   'run',
1 verbose cli   'lint' ]
2 info using npm@3.10.8
3 info using node@v7.0.0
4 verbose run-script [ 'prelint', 'lint', 'postlint' ]
5 info lifecycle three-boilerplate@1.0.0~prelint: three-boilerplate@1.0.0
6 silly lifecycle three-boilerplate@1.0.0~prelint: no script for prelint, continuing
7 info lifecycle three-boilerplate@1.0.0~lint: three-boilerplate@1.0.0
8 verbose lifecycle three-boilerplate@1.0.0~lint: unsafe-perm in lifecycle true
9 verbose lifecycle three-boilerplate@1.0.0~lint: PATH: /Users/jonandersson/.nvm/versions/node/v7.0.0/lib/node_modules/npm/bin/node-gyp-bin:/Users/jonandersson/dev/three-boilerplate/node_modules/.bin:/Users/jonandersson/.nvm/versions/node/v7.0.0/lib/node_modules/npm/bin/node-gyp-bin:/Users/jonandersson/dev/three-boilerplate/node_modules/.bin:/Users/jonandersson/.nvm/versions/node/v7.0.0/bin:/Users/jonandersson/tizen-studio/tools/ide/bin/:Applications/android/sdk/tools:/Applications/android/sdk/platform-tools:/Users/jonandersson/.composer/vendor/bin:/usr/local/heroku/bin:/Users/jonandersson/tizen-studio/tools/ide/bin/:Applications/android/sdk/tools:/Applications/android/sdk/platform-tools:/Users/jonandersson/.composer/vendor/bin:/usr/local/heroku/bin:/usr/local/bin:/usr/bin:/bin:/usr/sbin:/sbin:/usr/local/git/bin:/usr/local/go/bin:/usr/local/MacGPG2/bin
10 verbose lifecycle three-boilerplate@1.0.0~lint: CWD: /Users/jonandersson/dev/three-boilerplate
11 silly lifecycle three-boilerplate@1.0.0~lint: Args: [ '-c', 'esw -c ./.eslintrc.json app/scripts -w' ]
12 silly lifecycle three-boilerplate@1.0.0~lint: Returned: code: 1  signal: null
13 info lifecycle three-boilerplate@1.0.0~lint: Failed to exec lint script
14 verbose stack Error: three-boilerplate@1.0.0 lint: `esw -c ./.eslintrc.json app/scripts -w`
14 verbose stack Exit status 1
14 verbose stack     at EventEmitter.<anonymous> (/Users/jonandersson/.nvm/versions/node/v7.0.0/lib/node_modules/npm/lib/utils/lifecycle.js:255:16)
14 verbose stack     at emitTwo (events.js:106:13)
14 verbose stack     at EventEmitter.emit (events.js:191:7)
14 verbose stack     at ChildProcess.<anonymous> (/Users/jonandersson/.nvm/versions/node/v7.0.0/lib/node_modules/npm/lib/utils/spawn.js:40:14)
14 verbose stack     at emitTwo (events.js:106:13)
14 verbose stack     at ChildProcess.emit (events.js:191:7)
14 verbose stack     at maybeClose (internal/child_process.js:877:16)
14 verbose stack     at Process.ChildProcess._handle.onexit (internal/child_process.js:226:5)
15 verbose pkgid three-boilerplate@1.0.0
16 verbose cwd /Users/jonandersson/dev/three-boilerplate
17 error Darwin 15.6.0
18 error argv "/Users/jonandersson/.nvm/versions/node/v7.0.0/bin/node" "/Users/jonandersson/.nvm/versions/node/v7.0.0/bin/npm" "run" "lint"
19 error node v7.0.0
20 error npm  v3.10.8
21 error code ELIFECYCLE
22 error three-boilerplate@1.0.0 lint: `esw -c ./.eslintrc.json app/scripts -w`
22 error Exit status 1
23 error Failed at the three-boilerplate@1.0.0 lint script 'esw -c ./.eslintrc.json app/scripts -w'.
23 error Make sure you have the latest version of node.js and npm installed.
23 error If you do, this is most likely a problem with the three-boilerplate package,
23 error not with npm itself.
23 error Tell the author that this fails on your system:
23 error     esw -c ./.eslintrc.json app/scripts -w
23 error You can get information on how to open an issue for this project with:
23 error     npm bugs three-boilerplate
23 error Or if that isn't available, you can get their info via:
23 error     npm owner ls three-boilerplate
23 error There is likely additional logging output above.
24 verbose exit [ 1, true ]
